<?xml version="1.0" encoding="UTF-8"?>
<testsuite name="com.ServiciosOrdenesApplicationTests" tests="1" skipped="0" failures="0" errors="0" timestamp="2019-03-06T21:02:45" hostname="CO-IT004262" time="0.293">
  <properties/>
  <testcase name="contextLoads" classname="com.ServiciosOrdenesApplicationTests" time="0.293"/>
  <system-out><![CDATA[16:02:41.874 [Test worker] DEBUG org.springframework.test.context.junit4.SpringJUnit4ClassRunner - SpringJUnit4ClassRunner constructor called with [class com.ServiciosOrdenesApplicationTests]
16:02:41.884 [Test worker] DEBUG org.springframework.test.context.BootstrapUtils - Instantiating CacheAwareContextLoaderDelegate from class [org.springframework.test.context.cache.DefaultCacheAwareContextLoaderDelegate]
16:02:41.896 [Test worker] DEBUG org.springframework.test.context.BootstrapUtils - Instantiating BootstrapContext using constructor [public org.springframework.test.context.support.DefaultBootstrapContext(java.lang.Class,org.springframework.test.context.CacheAwareContextLoaderDelegate)]
16:02:41.918 [Test worker] DEBUG org.springframework.test.context.BootstrapUtils - Instantiating TestContextBootstrapper for test class [com.ServiciosOrdenesApplicationTests] from class [org.springframework.boot.test.context.SpringBootTestContextBootstrapper]
16:02:41.938 [Test worker] INFO org.springframework.boot.test.context.SpringBootTestContextBootstrapper - Neither @ContextConfiguration nor @ContextHierarchy found for test class [com.ServiciosOrdenesApplicationTests], using SpringBootContextLoader
16:02:41.943 [Test worker] DEBUG org.springframework.test.context.support.AbstractContextLoader - Did not detect default resource location for test class [com.ServiciosOrdenesApplicationTests]: class path resource [com/ServiciosOrdenesApplicationTests-context.xml] does not exist
16:02:41.943 [Test worker] DEBUG org.springframework.test.context.support.AbstractContextLoader - Did not detect default resource location for test class [com.ServiciosOrdenesApplicationTests]: class path resource [com/ServiciosOrdenesApplicationTestsContext.groovy] does not exist
16:02:41.943 [Test worker] INFO org.springframework.test.context.support.AbstractContextLoader - Could not detect default resource locations for test class [com.ServiciosOrdenesApplicationTests]: no resource found for suffixes {-context.xml, Context.groovy}.
16:02:41.944 [Test worker] INFO org.springframework.test.context.support.AnnotationConfigContextLoaderUtils - Could not detect default configuration classes for test class [com.ServiciosOrdenesApplicationTests]: ServiciosOrdenesApplicationTests does not declare any static, non-private, non-final, nested classes annotated with @Configuration.
16:02:42.001 [Test worker] DEBUG org.springframework.test.context.support.ActiveProfilesUtils - Could not find an 'annotation declaring class' for annotation type [org.springframework.test.context.ActiveProfiles] and class [com.ServiciosOrdenesApplicationTests]
16:02:42.121 [Test worker] DEBUG org.springframework.context.annotation.ClassPathScanningCandidateComponentProvider - Identified candidate component class: file [C:\Users\rene.vidal\Documents\Universidad\PICA\workspace\ServiciosOrdenes\build\classes\java\main\com\ServiciosOrdenesApplication.class]
16:02:42.123 [Test worker] INFO org.springframework.boot.test.context.SpringBootTestContextBootstrapper - Found @SpringBootConfiguration com.ServiciosOrdenesApplication for test class com.ServiciosOrdenesApplicationTests
16:02:42.258 [Test worker] DEBUG org.springframework.boot.test.context.SpringBootTestContextBootstrapper - @TestExecutionListeners is not present for class [com.ServiciosOrdenesApplicationTests]: using defaults.
16:02:42.259 [Test worker] INFO org.springframework.boot.test.context.SpringBootTestContextBootstrapper - Loaded default TestExecutionListener class names from location [META-INF/spring.factories]: [org.springframework.boot.test.autoconfigure.restdocs.RestDocsTestExecutionListener, org.springframework.boot.test.autoconfigure.web.client.MockRestServiceServerResetTestExecutionListener, org.springframework.boot.test.autoconfigure.web.servlet.MockMvcPrintOnlyOnFailureTestExecutionListener, org.springframework.boot.test.autoconfigure.web.servlet.WebDriverTestExecutionListener, org.springframework.boot.test.mock.mockito.MockitoTestExecutionListener, org.springframework.boot.test.mock.mockito.ResetMocksTestExecutionListener, org.springframework.test.context.web.ServletTestExecutionListener, org.springframework.test.context.support.DirtiesContextBeforeModesTestExecutionListener, org.springframework.test.context.support.DependencyInjectionTestExecutionListener, org.springframework.test.context.support.DirtiesContextTestExecutionListener, org.springframework.test.context.transaction.TransactionalTestExecutionListener, org.springframework.test.context.jdbc.SqlScriptsTestExecutionListener]
16:02:42.277 [Test worker] DEBUG org.springframework.boot.test.context.SpringBootTestContextBootstrapper - Skipping candidate TestExecutionListener [org.springframework.test.context.transaction.TransactionalTestExecutionListener] due to a missing dependency. Specify custom listener classes or make the default listener classes and their required dependencies available. Offending class: [org/springframework/transaction/interceptor/TransactionAttributeSource]
16:02:42.278 [Test worker] DEBUG org.springframework.boot.test.context.SpringBootTestContextBootstrapper - Skipping candidate TestExecutionListener [org.springframework.test.context.jdbc.SqlScriptsTestExecutionListener] due to a missing dependency. Specify custom listener classes or make the default listener classes and their required dependencies available. Offending class: [org/springframework/transaction/interceptor/TransactionAttribute]
16:02:42.278 [Test worker] INFO org.springframework.boot.test.context.SpringBootTestContextBootstrapper - Using TestExecutionListeners: [org.springframework.test.context.web.ServletTestExecutionListener@617bffcc, org.springframework.test.context.support.DirtiesContextBeforeModesTestExecutionListener@36fac42d, org.springframework.boot.test.mock.mockito.MockitoTestExecutionListener@30afca9b, org.springframework.boot.test.autoconfigure.SpringBootDependencyInjectionTestExecutionListener@600f5006, org.springframework.test.context.support.DirtiesContextTestExecutionListener@5eb45654, org.springframework.boot.test.autoconfigure.restdocs.RestDocsTestExecutionListener@3e0f3a03, org.springframework.boot.test.autoconfigure.web.client.MockRestServiceServerResetTestExecutionListener@703ac44b, org.springframework.boot.test.autoconfigure.web.servlet.MockMvcPrintOnlyOnFailureTestExecutionListener@6a2f252a, org.springframework.boot.test.autoconfigure.web.servlet.WebDriverTestExecutionListener@1655c8cd, org.springframework.boot.test.mock.mockito.ResetMocksTestExecutionListener@514d2726]
16:02:42.281 [Test worker] DEBUG org.springframework.test.annotation.ProfileValueUtils - Retrieved @ProfileValueSourceConfiguration [null] for test class [com.ServiciosOrdenesApplicationTests]
16:02:42.282 [Test worker] DEBUG org.springframework.test.annotation.ProfileValueUtils - Retrieved ProfileValueSource type [class org.springframework.test.annotation.SystemProfileValueSource] for class [com.ServiciosOrdenesApplicationTests]
16:02:42.283 [Test worker] DEBUG org.springframework.test.annotation.ProfileValueUtils - Retrieved @ProfileValueSourceConfiguration [null] for test class [com.ServiciosOrdenesApplicationTests]
16:02:42.283 [Test worker] DEBUG org.springframework.test.annotation.ProfileValueUtils - Retrieved ProfileValueSource type [class org.springframework.test.annotation.SystemProfileValueSource] for class [com.ServiciosOrdenesApplicationTests]
16:02:42.289 [Test worker] DEBUG org.springframework.test.context.support.AbstractDirtiesContextTestExecutionListener - Before test class: context [DefaultTestContext@72c598a testClass = ServiciosOrdenesApplicationTests, testInstance = [null], testMethod = [null], testException = [null], mergedContextConfiguration = [WebMergedContextConfiguration@6c37082a testClass = ServiciosOrdenesApplicationTests, locations = '{}', classes = '{class com.ServiciosOrdenesApplication}', contextInitializerClasses = '[]', activeProfiles = '{}', propertySourceLocations = '{}', propertySourceProperties = '{org.springframework.boot.test.context.SpringBootTestContextBootstrapper=true}', contextCustomizers = set[org.springframework.boot.test.autoconfigure.properties.PropertyMappingContextCustomizer@0, org.springframework.boot.test.autoconfigure.web.servlet.WebDriverContextCustomizerFactory$Customizer@a5aa3bd, org.springframework.boot.test.context.filter.ExcludeFilterContextCustomizer@6ba20f4, org.springframework.boot.test.json.DuplicateJsonObjectContextCustomizerFactory$DuplicateJsonObjectContextCustomizer@69fe3d5a, org.springframework.boot.test.mock.mockito.MockitoContextCustomizer@0, org.springframework.boot.test.web.client.TestRestTemplateContextCustomizer@1906ee6b], resourceBasePath = 'src/main/webapp', contextLoader = 'org.springframework.boot.test.context.SpringBootContextLoader', parent = [null]], attributes = map['org.springframework.test.context.web.ServletTestExecutionListener.activateListener' -> true]], class annotated with @DirtiesContext [false] with mode [null].
16:02:42.290 [Test worker] DEBUG org.springframework.test.annotation.ProfileValueUtils - Retrieved @ProfileValueSourceConfiguration [null] for test class [com.ServiciosOrdenesApplicationTests]
16:02:42.290 [Test worker] DEBUG org.springframework.test.annotation.ProfileValueUtils - Retrieved ProfileValueSource type [class org.springframework.test.annotation.SystemProfileValueSource] for class [com.ServiciosOrdenesApplicationTests]
16:02:42.325 [Test worker] DEBUG org.springframework.test.context.support.TestPropertySourceUtils - Adding inlined properties to environment: {spring.jmx.enabled=false, org.springframework.boot.test.context.SpringBootTestContextBootstrapper=true, server.port=-1}

  .   ____          _            __ _ _
 /\\ / ___'_ __ _ _(_)_ __  __ _ \ \ \ \
( ( )\___ | '_ | '_| | '_ \/ _` | \ \ \ \
 \\/  ___)| |_)| | | | | || (_| |  ) ) ) )
  '  |____| .__|_| |_|_| |_\__, | / / / /
 =========|_|==============|___/=/_/_/_/
 :: Spring Boot ::        (v2.1.3.RELEASE)

2019-03-06 16:02:42.671  INFO 16144 --- [    Test worker] com.ServiciosOrdenesApplicationTests     : Starting ServiciosOrdenesApplicationTests on CO-IT004262 with PID 16144 (started by rene.vidal in C:\Users\rene.vidal\Documents\Universidad\PICA\workspace\ServiciosOrdenes)
2019-03-06 16:02:42.673  INFO 16144 --- [    Test worker] com.ServiciosOrdenesApplicationTests     : No active profile set, falling back to default profiles: default
2019-03-06 16:02:45.492  INFO 16144 --- [    Test worker] o.s.s.concurrent.ThreadPoolTaskExecutor  : Initializing ExecutorService 'applicationTaskExecutor'
2019-03-06 16:02:45.921  INFO 16144 --- [    Test worker] com.ServiciosOrdenesApplicationTests     : Started ServiciosOrdenesApplicationTests in 3.583 seconds (JVM running for 5.306)
]]></system-out>
  <system-err><![CDATA[]]></system-err>
</testsuite>
